{"/Users/amrutapatil/Downloads/tableReservation/client/src/components/calender.jsx": {"path":"/Users/amrutapatil/Downloads/tableReservation/client/src/components/calender.jsx","statementMap":{"0":{"start":{"line":8,"column":12},"end":{"line":14,"column":5}},"1":{"start":{"line":17,"column":8},"end":{"line":17,"column":21}},"2":{"start":{"line":18,"column":8},"end":{"line":18,"column":44}},"3":{"start":{"line":19,"column":8},"end":{"line":19,"column":39}},"4":{"start":{"line":20,"column":8},"end":{"line":20,"column":38}},"5":{"start":{"line":21,"column":8},"end":{"line":21,"column":59}},"6":{"start":{"line":22,"column":8},"end":{"line":22,"column":57}},"7":{"start":{"line":23,"column":8},"end":{"line":23,"column":65}},"8":{"start":{"line":24,"column":8},"end":{"line":24,"column":47}},"9":{"start":{"line":25,"column":8},"end":{"line":25,"column":57}},"10":{"start":{"line":29,"column":15},"end":{"line":29,"column":32}},"11":{"start":{"line":30,"column":20},"end":{"line":30,"column":42}},"12":{"start":{"line":31,"column":13},"end":{"line":31,"column":28}},"13":{"start":{"line":35,"column":11},"end":{"line":37,"column":5}},"14":{"start":{"line":36,"column":8},"end":{"line":36,"column":50}},"15":{"start":{"line":38,"column":12},"end":{"line":40,"column":5}},"16":{"start":{"line":39,"column":8},"end":{"line":39,"column":53}},"17":{"start":{"line":41,"column":18},"end":{"line":43,"column":5}},"18":{"start":{"line":42,"column":8},"end":{"line":42,"column":52}},"19":{"start":{"line":44,"column":18},"end":{"line":46,"column":5}},"20":{"start":{"line":45,"column":8},"end":{"line":45,"column":50}},"21":{"start":{"line":47,"column":17},"end":{"line":49,"column":5}},"22":{"start":{"line":48,"column":8},"end":{"line":48,"column":50}},"23":{"start":{"line":50,"column":22},"end":{"line":54,"column":5}},"24":{"start":{"line":51,"column":26},"end":{"line":51,"column":48}},"25":{"start":{"line":52,"column":23},"end":{"line":52,"column":71}},"26":{"start":{"line":53,"column":8},"end":{"line":53,"column":24}},"27":{"start":{"line":57,"column":8},"end":{"line":59,"column":10}},"28":{"start":{"line":62,"column":22},"end":{"line":62,"column":48}},"29":{"start":{"line":64,"column":26},"end":{"line":64,"column":67}},"30":{"start":{"line":65,"column":8},"end":{"line":67,"column":10}},"31":{"start":{"line":68,"column":8},"end":{"line":68,"column":63}},"32":{"start":{"line":71,"column":8},"end":{"line":71,"column":48}},"33":{"start":{"line":74,"column":14},"end":{"line":80,"column":5}},"34":{"start":{"line":75,"column":26},"end":{"line":75,"column":67}},"35":{"start":{"line":76,"column":8},"end":{"line":76,"column":60}},"36":{"start":{"line":77,"column":8},"end":{"line":79,"column":10}},"37":{"start":{"line":82,"column":8},"end":{"line":82,"column":37}},"38":{"start":{"line":83,"column":8},"end":{"line":83,"column":78}},"39":{"start":{"line":86,"column":8},"end":{"line":91,"column":9}},"40":{"start":{"line":87,"column":12},"end":{"line":87,"column":41}},"41":{"start":{"line":88,"column":12},"end":{"line":90,"column":14}},"42":{"start":{"line":93,"column":16},"end":{"line":100,"column":5}},"43":{"start":{"line":94,"column":26},"end":{"line":94,"column":67}},"44":{"start":{"line":95,"column":8},"end":{"line":95,"column":58}},"45":{"start":{"line":96,"column":8},"end":{"line":98,"column":10}},"46":{"start":{"line":99,"column":8},"end":{"line":99,"column":59}},"47":{"start":{"line":101,"column":16},"end":{"line":108,"column":5}},"48":{"start":{"line":102,"column":26},"end":{"line":102,"column":67}},"49":{"start":{"line":103,"column":8},"end":{"line":103,"column":63}},"50":{"start":{"line":104,"column":8},"end":{"line":106,"column":10}},"51":{"start":{"line":107,"column":8},"end":{"line":107,"column":59}},"52":{"start":{"line":109,"column":17},"end":{"line":123,"column":5}},"53":{"start":{"line":110,"column":8},"end":{"line":110,"column":38}},"54":{"start":{"line":111,"column":24},"end":{"line":117,"column":10}},"55":{"start":{"line":112,"column":12},"end":{"line":116,"column":13}},"56":{"start":{"line":114,"column":50},"end":{"line":114,"column":77}},"57":{"start":{"line":118,"column":8},"end":{"line":122,"column":10}},"58":{"start":{"line":125,"column":15},"end":{"line":134,"column":5}},"59":{"start":{"line":126,"column":8},"end":{"line":133,"column":10}},"60":{"start":{"line":135,"column":14},"end":{"line":148,"column":5}},"61":{"start":{"line":136,"column":8},"end":{"line":147,"column":10}},"62":{"start":{"line":140,"column":43},"end":{"line":140,"column":69}},"63":{"start":{"line":149,"column":15},"end":{"line":152,"column":5}},"64":{"start":{"line":150,"column":8},"end":{"line":150,"column":32}},"65":{"start":{"line":151,"column":8},"end":{"line":151,"column":62}},"66":{"start":{"line":154,"column":23},"end":{"line":156,"column":10}},"67":{"start":{"line":155,"column":12},"end":{"line":155,"column":64}},"68":{"start":{"line":158,"column":21},"end":{"line":158,"column":23}},"69":{"start":{"line":159,"column":8},"end":{"line":161,"column":9}},"70":{"start":{"line":159,"column":21},"end":{"line":159,"column":22}},"71":{"start":{"line":160,"column":12},"end":{"line":160,"column":50}},"72":{"start":{"line":162,"column":8},"end":{"line":162,"column":38}},"73":{"start":{"line":164,"column":26},"end":{"line":164,"column":28}},"74":{"start":{"line":165,"column":8},"end":{"line":173,"column":9}},"75":{"start":{"line":165,"column":21},"end":{"line":165,"column":22}},"76":{"start":{"line":166,"column":29},"end":{"line":166,"column":78}},"77":{"start":{"line":167,"column":33},"end":{"line":167,"column":84}},"78":{"start":{"line":168,"column":12},"end":{"line":172,"column":14}},"79":{"start":{"line":170,"column":41},"end":{"line":170,"column":62}},"80":{"start":{"line":175,"column":8},"end":{"line":175,"column":48}},"81":{"start":{"line":177,"column":25},"end":{"line":177,"column":52}},"82":{"start":{"line":178,"column":19},"end":{"line":178,"column":21}},"83":{"start":{"line":179,"column":20},"end":{"line":179,"column":22}},"84":{"start":{"line":180,"column":8},"end":{"line":193,"column":11}},"85":{"start":{"line":181,"column":12},"end":{"line":188,"column":13}},"86":{"start":{"line":182,"column":16},"end":{"line":182,"column":32}},"87":{"start":{"line":184,"column":32},"end":{"line":184,"column":45}},"88":{"start":{"line":185,"column":16},"end":{"line":185,"column":37}},"89":{"start":{"line":186,"column":16},"end":{"line":186,"column":27}},"90":{"start":{"line":187,"column":16},"end":{"line":187,"column":32}},"91":{"start":{"line":189,"column":12},"end":{"line":192,"column":13}},"92":{"start":{"line":190,"column":32},"end":{"line":190,"column":45}},"93":{"start":{"line":191,"column":16},"end":{"line":191,"column":37}},"94":{"start":{"line":195,"column":22},"end":{"line":197,"column":10}},"95":{"start":{"line":196,"column":12},"end":{"line":196,"column":44}},"96":{"start":{"line":198,"column":8},"end":{"line":224,"column":10}}},"fnMap":{"0":{"name":"(anonymous_0)","decl":{"start":{"line":16,"column":4},"end":{"line":16,"column":5}},"loc":{"start":{"line":16,"column":23},"end":{"line":26,"column":5}},"line":16},"1":{"name":"(anonymous_1)","decl":{"start":{"line":35,"column":11},"end":{"line":35,"column":12}},"loc":{"start":{"line":35,"column":17},"end":{"line":37,"column":5}},"line":35},"2":{"name":"(anonymous_2)","decl":{"start":{"line":38,"column":12},"end":{"line":38,"column":13}},"loc":{"start":{"line":38,"column":18},"end":{"line":40,"column":5}},"line":38},"3":{"name":"(anonymous_3)","decl":{"start":{"line":41,"column":18},"end":{"line":41,"column":19}},"loc":{"start":{"line":41,"column":24},"end":{"line":43,"column":5}},"line":41},"4":{"name":"(anonymous_4)","decl":{"start":{"line":44,"column":18},"end":{"line":44,"column":19}},"loc":{"start":{"line":44,"column":24},"end":{"line":46,"column":5}},"line":44},"5":{"name":"(anonymous_5)","decl":{"start":{"line":47,"column":17},"end":{"line":47,"column":18}},"loc":{"start":{"line":47,"column":23},"end":{"line":49,"column":5}},"line":47},"6":{"name":"(anonymous_6)","decl":{"start":{"line":50,"column":22},"end":{"line":50,"column":23}},"loc":{"start":{"line":50,"column":28},"end":{"line":54,"column":5}},"line":50},"7":{"name":"(anonymous_7)","decl":{"start":{"line":56,"column":4},"end":{"line":56,"column":5}},"loc":{"start":{"line":56,"column":21},"end":{"line":60,"column":5}},"line":56},"8":{"name":"(anonymous_8)","decl":{"start":{"line":61,"column":4},"end":{"line":61,"column":5}},"loc":{"start":{"line":61,"column":27},"end":{"line":69,"column":5}},"line":61},"9":{"name":"(anonymous_9)","decl":{"start":{"line":70,"column":4},"end":{"line":70,"column":5}},"loc":{"start":{"line":70,"column":23},"end":{"line":72,"column":5}},"line":70},"10":{"name":"(anonymous_10)","decl":{"start":{"line":74,"column":14},"end":{"line":74,"column":15}},"loc":{"start":{"line":74,"column":24},"end":{"line":80,"column":5}},"line":74},"11":{"name":"(anonymous_11)","decl":{"start":{"line":81,"column":4},"end":{"line":81,"column":5}},"loc":{"start":{"line":81,"column":20},"end":{"line":84,"column":5}},"line":81},"12":{"name":"(anonymous_12)","decl":{"start":{"line":85,"column":4},"end":{"line":85,"column":5}},"loc":{"start":{"line":85,"column":14},"end":{"line":92,"column":5}},"line":85},"13":{"name":"(anonymous_13)","decl":{"start":{"line":93,"column":16},"end":{"line":93,"column":17}},"loc":{"start":{"line":93,"column":21},"end":{"line":100,"column":5}},"line":93},"14":{"name":"(anonymous_14)","decl":{"start":{"line":101,"column":16},"end":{"line":101,"column":17}},"loc":{"start":{"line":101,"column":22},"end":{"line":108,"column":5}},"line":101},"15":{"name":"(anonymous_15)","decl":{"start":{"line":109,"column":17},"end":{"line":109,"column":18}},"loc":{"start":{"line":109,"column":28},"end":{"line":123,"column":5}},"line":109},"16":{"name":"(anonymous_16)","decl":{"start":{"line":111,"column":39},"end":{"line":111,"column":40}},"loc":{"start":{"line":111,"column":50},"end":{"line":117,"column":9}},"line":111},"17":{"name":"(anonymous_17)","decl":{"start":{"line":114,"column":41},"end":{"line":114,"column":42}},"loc":{"start":{"line":114,"column":48},"end":{"line":114,"column":79}},"line":114},"18":{"name":"(anonymous_18)","decl":{"start":{"line":125,"column":15},"end":{"line":125,"column":16}},"loc":{"start":{"line":125,"column":21},"end":{"line":134,"column":5}},"line":125},"19":{"name":"(anonymous_19)","decl":{"start":{"line":135,"column":14},"end":{"line":135,"column":15}},"loc":{"start":{"line":135,"column":20},"end":{"line":148,"column":5}},"line":135},"20":{"name":"(anonymous_20)","decl":{"start":{"line":140,"column":26},"end":{"line":140,"column":27}},"loc":{"start":{"line":140,"column":41},"end":{"line":140,"column":71}},"line":140},"21":{"name":"(anonymous_21)","decl":{"start":{"line":149,"column":15},"end":{"line":149,"column":16}},"loc":{"start":{"line":149,"column":26},"end":{"line":152,"column":5}},"line":149},"22":{"name":"(anonymous_22)","decl":{"start":{"line":153,"column":4},"end":{"line":153,"column":5}},"loc":{"start":{"line":153,"column":13},"end":{"line":226,"column":5}},"line":153},"23":{"name":"(anonymous_23)","decl":{"start":{"line":154,"column":46},"end":{"line":154,"column":47}},"loc":{"start":{"line":154,"column":55},"end":{"line":156,"column":9}},"line":154},"24":{"name":"(anonymous_24)","decl":{"start":{"line":170,"column":35},"end":{"line":170,"column":36}},"loc":{"start":{"line":170,"column":40},"end":{"line":170,"column":63}},"line":170},"25":{"name":"(anonymous_25)","decl":{"start":{"line":180,"column":27},"end":{"line":180,"column":28}},"loc":{"start":{"line":180,"column":39},"end":{"line":193,"column":9}},"line":180},"26":{"name":"(anonymous_26)","decl":{"start":{"line":195,"column":31},"end":{"line":195,"column":32}},"loc":{"start":{"line":195,"column":43},"end":{"line":197,"column":9}},"line":195}},"branchMap":{"0":{"loc":{"start":{"line":18,"column":21},"end":{"line":18,"column":43}},"type":"binary-expr","locations":[{"start":{"line":18,"column":21},"end":{"line":18,"column":32}},{"start":{"line":18,"column":36},"end":{"line":18,"column":43}}],"line":18},"1":{"loc":{"start":{"line":19,"column":21},"end":{"line":19,"column":38}},"type":"binary-expr","locations":[{"start":{"line":19,"column":21},"end":{"line":19,"column":32}},{"start":{"line":19,"column":36},"end":{"line":19,"column":38}}],"line":19},"2":{"loc":{"start":{"line":68,"column":8},"end":{"line":68,"column":62}},"type":"binary-expr","locations":[{"start":{"line":68,"column":8},"end":{"line":68,"column":32}},{"start":{"line":68,"column":36},"end":{"line":68,"column":62}}],"line":68},"3":{"loc":{"start":{"line":83,"column":8},"end":{"line":83,"column":77}},"type":"binary-expr","locations":[{"start":{"line":83,"column":8},"end":{"line":83,"column":31}},{"start":{"line":83,"column":35},"end":{"line":83,"column":77}}],"line":83},"4":{"loc":{"start":{"line":86,"column":8},"end":{"line":91,"column":9}},"type":"if","locations":[{"start":{"line":86,"column":8},"end":{"line":91,"column":9}},{"start":{"line":86,"column":8},"end":{"line":91,"column":9}}],"line":86},"5":{"loc":{"start":{"line":86,"column":12},"end":{"line":86,"column":44}},"type":"binary-expr","locations":[{"start":{"line":86,"column":12},"end":{"line":86,"column":26}},{"start":{"line":86,"column":30},"end":{"line":86,"column":44}}],"line":86},"6":{"loc":{"start":{"line":99,"column":8},"end":{"line":99,"column":58}},"type":"binary-expr","locations":[{"start":{"line":99,"column":8},"end":{"line":99,"column":30}},{"start":{"line":99,"column":34},"end":{"line":99,"column":58}}],"line":99},"7":{"loc":{"start":{"line":107,"column":8},"end":{"line":107,"column":58}},"type":"binary-expr","locations":[{"start":{"line":107,"column":8},"end":{"line":107,"column":30}},{"start":{"line":107,"column":34},"end":{"line":107,"column":58}}],"line":107},"8":{"loc":{"start":{"line":129,"column":17},"end":{"line":130,"column":59}},"type":"binary-expr","locations":[{"start":{"line":129,"column":17},"end":{"line":129,"column":42}},{"start":{"line":130,"column":20},"end":{"line":130,"column":59}}],"line":129},"9":{"loc":{"start":{"line":137,"column":12},"end":{"line":146,"column":104}},"type":"cond-expr","locations":[{"start":{"line":138,"column":16},"end":{"line":144,"column":18}},{"start":{"line":146,"column":16},"end":{"line":146,"column":104}}],"line":137},"10":{"loc":{"start":{"line":151,"column":8},"end":{"line":151,"column":61}},"type":"binary-expr","locations":[{"start":{"line":151,"column":8},"end":{"line":151,"column":29}},{"start":{"line":151,"column":33},"end":{"line":151,"column":61}}],"line":151},"11":{"loc":{"start":{"line":166,"column":29},"end":{"line":166,"column":78}},"type":"cond-expr","locations":[{"start":{"line":166,"column":54},"end":{"line":166,"column":71}},{"start":{"line":166,"column":73},"end":{"line":166,"column":78}}],"line":166},"12":{"loc":{"start":{"line":167,"column":33},"end":{"line":167,"column":84}},"type":"cond-expr","locations":[{"start":{"line":167,"column":63},"end":{"line":167,"column":79}},{"start":{"line":167,"column":82},"end":{"line":167,"column":84}}],"line":167},"13":{"loc":{"start":{"line":181,"column":12},"end":{"line":188,"column":13}},"type":"if","locations":[{"start":{"line":181,"column":12},"end":{"line":188,"column":13}},{"start":{"line":181,"column":12},"end":{"line":188,"column":13}}],"line":181},"14":{"loc":{"start":{"line":189,"column":12},"end":{"line":192,"column":13}},"type":"if","locations":[{"start":{"line":189,"column":12},"end":{"line":192,"column":13}},{"start":{"line":189,"column":12},"end":{"line":192,"column":13}}],"line":189}},"s":{"0":0,"1":0,"2":0,"3":0,"4":0,"5":0,"6":0,"7":0,"8":0,"9":0,"10":0,"11":0,"12":0,"13":0,"14":0,"15":0,"16":0,"17":0,"18":0,"19":0,"20":0,"21":0,"22":0,"23":0,"24":0,"25":0,"26":0,"27":0,"28":0,"29":0,"30":0,"31":0,"32":0,"33":0,"34":0,"35":0,"36":0,"37":0,"38":0,"39":0,"40":0,"41":0,"42":0,"43":0,"44":0,"45":0,"46":0,"47":0,"48":0,"49":0,"50":0,"51":0,"52":0,"53":0,"54":0,"55":0,"56":0,"57":0,"58":0,"59":0,"60":0,"61":0,"62":0,"63":0,"64":0,"65":0,"66":0,"67":0,"68":0,"69":0,"70":0,"71":0,"72":0,"73":0,"74":0,"75":0,"76":0,"77":0,"78":0,"79":0,"80":0,"81":0,"82":0,"83":0,"84":0,"85":0,"86":0,"87":0,"88":0,"89":0,"90":0,"91":0,"92":0,"93":0,"94":0,"95":0,"96":0},"f":{"0":0,"1":0,"2":0,"3":0,"4":0,"5":0,"6":0,"7":0,"8":0,"9":0,"10":0,"11":0,"12":0,"13":0,"14":0,"15":0,"16":0,"17":0,"18":0,"19":0,"20":0,"21":0,"22":0,"23":0,"24":0,"25":0,"26":0},"b":{"0":[0,0],"1":[0,0],"2":[0,0],"3":[0,0],"4":[0,0],"5":[0,0],"6":[0,0],"7":[0,0],"8":[0,0],"9":[0,0],"10":[0,0],"11":[0,0],"12":[0,0],"13":[0,0],"14":[0,0]},"_coverageSchema":"43e27e138ebf9cfc5966b082cf9a028302ed4184","hash":"7cbdebceb956b95793506914c10909a41d2c4bbd"}
,"/Users/amrutapatil/Downloads/tableReservation/client/src/components/confirmation.jsx": {"path":"/Users/amrutapatil/Downloads/tableReservation/client/src/components/confirmation.jsx","statementMap":{"0":{"start":{"line":7,"column":8},"end":{"line":7,"column":21}},"1":{"start":{"line":8,"column":8},"end":{"line":10,"column":9}},"2":{"start":{"line":13,"column":8},"end":{"line":15,"column":10}},"3":{"start":{"line":18,"column":8},"end":{"line":20,"column":9}},"4":{"start":{"line":21,"column":8},"end":{"line":62,"column":18}}},"fnMap":{"0":{"name":"(anonymous_0)","decl":{"start":{"line":6,"column":4},"end":{"line":6,"column":5}},"loc":{"start":{"line":6,"column":23},"end":{"line":11,"column":5}},"line":6},"1":{"name":"(anonymous_1)","decl":{"start":{"line":12,"column":4},"end":{"line":12,"column":5}},"loc":{"start":{"line":12,"column":27},"end":{"line":16,"column":5}},"line":12},"2":{"name":"(anonymous_2)","decl":{"start":{"line":17,"column":4},"end":{"line":17,"column":5}},"loc":{"start":{"line":17,"column":13},"end":{"line":63,"column":13}},"line":17}},"branchMap":{"0":{"loc":{"start":{"line":18,"column":8},"end":{"line":20,"column":9}},"type":"if","locations":[{"start":{"line":18,"column":8},"end":{"line":20,"column":9}},{"start":{"line":18,"column":8},"end":{"line":20,"column":9}}],"line":18}},"s":{"0":1,"1":1,"2":0,"3":1,"4":1},"f":{"0":1,"1":0,"2":1},"b":{"0":[0,1]},"_coverageSchema":"43e27e138ebf9cfc5966b082cf9a028302ed4184","hash":"31600f3cfd91fe46a0e694146402151f7f23a1e8"}
,"/Users/amrutapatil/Downloads/tableReservation/client/src/components/dialog.jsx": {"path":"/Users/amrutapatil/Downloads/tableReservation/client/src/components/dialog.jsx","statementMap":{"0":{"start":{"line":6,"column":8},"end":{"line":6,"column":21}},"1":{"start":{"line":7,"column":8},"end":{"line":9,"column":9}},"2":{"start":{"line":13,"column":16},"end":{"line":16,"column":18}},"3":{"start":{"line":18,"column":8},"end":{"line":20,"column":9}},"4":{"start":{"line":19,"column":12},"end":{"line":19,"column":24}},"5":{"start":{"line":21,"column":8},"end":{"line":23,"column":9}}},"fnMap":{"0":{"name":"(anonymous_0)","decl":{"start":{"line":5,"column":4},"end":{"line":5,"column":5}},"loc":{"start":{"line":5,"column":23},"end":{"line":10,"column":5}},"line":5},"1":{"name":"(anonymous_1)","decl":{"start":{"line":11,"column":4},"end":{"line":11,"column":5}},"loc":{"start":{"line":11,"column":13},"end":{"line":24,"column":5}},"line":11}},"branchMap":{"0":{"loc":{"start":{"line":18,"column":8},"end":{"line":20,"column":9}},"type":"if","locations":[{"start":{"line":18,"column":8},"end":{"line":20,"column":9}},{"start":{"line":18,"column":8},"end":{"line":20,"column":9}}],"line":18}},"s":{"0":1,"1":1,"2":1,"3":1,"4":0,"5":1},"f":{"0":1,"1":1},"b":{"0":[0,1]},"_coverageSchema":"43e27e138ebf9cfc5966b082cf9a028302ed4184","hash":"0a7ee8417d52010d6f0938fe390b2b10311f1bdd"}
,"/Users/amrutapatil/Downloads/tableReservation/client/src/components/guests.jsx": {"path":"/Users/amrutapatil/Downloads/tableReservation/client/src/components/guests.jsx","statementMap":{"0":{"start":{"line":6,"column":15},"end":{"line":28,"column":1}},"1":{"start":{"line":8,"column":2},"end":{"line":26,"column":4}}},"fnMap":{"0":{"name":"(anonymous_0)","decl":{"start":{"line":6,"column":15},"end":{"line":6,"column":16}},"loc":{"start":{"line":6,"column":21},"end":{"line":28,"column":1}},"line":6}},"branchMap":{},"s":{"0":1,"1":1},"f":{"0":1},"b":{},"_coverageSchema":"43e27e138ebf9cfc5966b082cf9a028302ed4184","hash":"41c0277b67851ac8325afec62131353cd167b12b"}
,"/Users/amrutapatil/Downloads/tableReservation/client/src/components/people.jsx": {"path":"/Users/amrutapatil/Downloads/tableReservation/client/src/components/people.jsx","statementMap":{"0":{"start":{"line":5,"column":14},"end":{"line":11,"column":1}},"1":{"start":{"line":14,"column":12},"end":{"line":16,"column":5}},"2":{"start":{"line":17,"column":19},"end":{"line":20,"column":5}},"3":{"start":{"line":18,"column":6},"end":{"line":18,"column":40}},"4":{"start":{"line":19,"column":6},"end":{"line":19,"column":54}},"5":{"start":{"line":22,"column":33},"end":{"line":22,"column":43}},"6":{"start":{"line":24,"column":6},"end":{"line":41,"column":8}}},"fnMap":{"0":{"name":"(anonymous_0)","decl":{"start":{"line":17,"column":19},"end":{"line":17,"column":20}},"loc":{"start":{"line":17,"column":39},"end":{"line":20,"column":5}},"line":17},"1":{"name":"(anonymous_1)","decl":{"start":{"line":21,"column":4},"end":{"line":21,"column":5}},"loc":{"start":{"line":21,"column":13},"end":{"line":42,"column":5}},"line":21}},"branchMap":{},"s":{"0":3,"1":2,"2":2,"3":0,"4":0,"5":2,"6":2},"f":{"0":0,"1":2},"b":{},"_coverageSchema":"43e27e138ebf9cfc5966b082cf9a028302ed4184","hash":"4aaf1556f7fad48e747b1d05d8dcb8517bac369b"}
,"/Users/amrutapatil/Downloads/tableReservation/client/src/components/reservation.jsx": {"path":"/Users/amrutapatil/Downloads/tableReservation/client/src/components/reservation.jsx","statementMap":{"0":{"start":{"line":7,"column":6},"end":{"line":11,"column":8}}},"fnMap":{"0":{"name":"(anonymous_0)","decl":{"start":{"line":6,"column":4},"end":{"line":6,"column":5}},"loc":{"start":{"line":6,"column":13},"end":{"line":12,"column":5}},"line":6}},"branchMap":{},"s":{"0":1},"f":{"0":1},"b":{},"_coverageSchema":"43e27e138ebf9cfc5966b082cf9a028302ed4184","hash":"ff9a0c37f62cad60cd33cc2efe997b533c7758d7"}
,"/Users/amrutapatil/Downloads/tableReservation/client/src/components/reservationForm.jsx": {"path":"/Users/amrutapatil/Downloads/tableReservation/client/src/components/reservationForm.jsx","statementMap":{"0":{"start":{"line":11,"column":14},"end":{"line":14,"column":1}},"1":{"start":{"line":17,"column":8},"end":{"line":17,"column":21}},"2":{"start":{"line":18,"column":8},"end":{"line":21,"column":9}},"3":{"start":{"line":22,"column":8},"end":{"line":22,"column":55}},"4":{"start":{"line":23,"column":8},"end":{"line":23,"column":53}},"5":{"start":{"line":26,"column":17},"end":{"line":29,"column":5}},"6":{"start":{"line":27,"column":8},"end":{"line":27,"column":25}},"7":{"start":{"line":31,"column":8},"end":{"line":33,"column":10}},"8":{"start":{"line":37,"column":8},"end":{"line":39,"column":10}},"9":{"start":{"line":44,"column":8},"end":{"line":85,"column":10}},"10":{"start":{"line":57,"column":121},"end":{"line":57,"column":144}},"11":{"start":{"line":74,"column":45},"end":{"line":74,"column":78}}},"fnMap":{"0":{"name":"(anonymous_0)","decl":{"start":{"line":16,"column":4},"end":{"line":16,"column":5}},"loc":{"start":{"line":16,"column":23},"end":{"line":24,"column":5}},"line":16},"1":{"name":"(anonymous_1)","decl":{"start":{"line":26,"column":17},"end":{"line":26,"column":18}},"loc":{"start":{"line":26,"column":29},"end":{"line":29,"column":5}},"line":26},"2":{"name":"(anonymous_2)","decl":{"start":{"line":30,"column":4},"end":{"line":30,"column":5}},"loc":{"start":{"line":30,"column":19},"end":{"line":35,"column":5}},"line":30},"3":{"name":"(anonymous_3)","decl":{"start":{"line":36,"column":4},"end":{"line":36,"column":5}},"loc":{"start":{"line":36,"column":18},"end":{"line":40,"column":5}},"line":36},"4":{"name":"(anonymous_4)","decl":{"start":{"line":42,"column":4},"end":{"line":42,"column":5}},"loc":{"start":{"line":42,"column":13},"end":{"line":86,"column":5}},"line":42},"5":{"name":"(anonymous_5)","decl":{"start":{"line":57,"column":107},"end":{"line":57,"column":108}},"loc":{"start":{"line":57,"column":119},"end":{"line":57,"column":146}},"line":57},"6":{"name":"(anonymous_6)","decl":{"start":{"line":74,"column":38},"end":{"line":74,"column":39}},"loc":{"start":{"line":74,"column":45},"end":{"line":74,"column":78}},"line":74}},"branchMap":{"0":{"loc":{"start":{"line":57,"column":33},"end":{"line":57,"column":150}},"type":"binary-expr","locations":[{"start":{"line":57,"column":33},"end":{"line":57,"column":53}},{"start":{"line":57,"column":57},"end":{"line":57,"column":150}}],"line":57},"1":{"loc":{"start":{"line":72,"column":21},"end":{"line":76,"column":29}},"type":"binary-expr","locations":[{"start":{"line":72,"column":21},"end":{"line":72,"column":39}},{"start":{"line":74,"column":20},"end":{"line":76,"column":29}}],"line":72}},"s":{"0":2,"1":1,"2":1,"3":1,"4":1,"5":1,"6":0,"7":0,"8":0,"9":1,"10":0,"11":0},"f":{"0":1,"1":0,"2":0,"3":0,"4":1,"5":0,"6":0},"b":{"0":[1,0],"1":[1,0]},"_coverageSchema":"43e27e138ebf9cfc5966b082cf9a028302ed4184","hash":"ca8a540686754320b2e327fcc1c62cd39e80dfee"}
,"/Users/amrutapatil/Downloads/tableReservation/client/src/components/restaurantInfo.jsx": {"path":"/Users/amrutapatil/Downloads/tableReservation/client/src/components/restaurantInfo.jsx","statementMap":{"0":{"start":{"line":8,"column":8},"end":{"line":8,"column":21}},"1":{"start":{"line":9,"column":8},"end":{"line":11,"column":9}},"2":{"start":{"line":15,"column":8},"end":{"line":25,"column":10}}},"fnMap":{"0":{"name":"(anonymous_0)","decl":{"start":{"line":7,"column":4},"end":{"line":7,"column":5}},"loc":{"start":{"line":7,"column":23},"end":{"line":12,"column":5}},"line":7},"1":{"name":"(anonymous_1)","decl":{"start":{"line":13,"column":4},"end":{"line":13,"column":5}},"loc":{"start":{"line":13,"column":13},"end":{"line":26,"column":5}},"line":13}},"branchMap":{},"s":{"0":1,"1":1,"2":1},"f":{"0":1,"1":1},"b":{},"_coverageSchema":"43e27e138ebf9cfc5966b082cf9a028302ed4184","hash":"d99e0f610b9f5ee390b488b0ad15bf53f9c8723f"}
,"/Users/amrutapatil/Downloads/tableReservation/client/src/components/time.jsx": {"path":"/Users/amrutapatil/Downloads/tableReservation/client/src/components/time.jsx","statementMap":{"0":{"start":{"line":4,"column":13},"end":{"line":23,"column":1}},"1":{"start":{"line":6,"column":2},"end":{"line":21,"column":4}}},"fnMap":{"0":{"name":"(anonymous_0)","decl":{"start":{"line":4,"column":13},"end":{"line":4,"column":14}},"loc":{"start":{"line":4,"column":19},"end":{"line":23,"column":1}},"line":4}},"branchMap":{},"s":{"0":3,"1":1},"f":{"0":1},"b":{},"_coverageSchema":"43e27e138ebf9cfc5966b082cf9a028302ed4184","hash":"816f191162cd3877df240424a3bfd4c0ae451762"}
,"/Users/amrutapatil/Downloads/tableReservation/test/mocks/styleMock.js": {"path":"/Users/amrutapatil/Downloads/tableReservation/test/mocks/styleMock.js","statementMap":{"0":{"start":{"line":1,"column":0},"end":{"line":1,"column":20}}},"fnMap":{},"branchMap":{},"s":{"0":6},"f":{},"b":{},"_coverageSchema":"43e27e138ebf9cfc5966b082cf9a028302ed4184","hash":"684467acfd5fdb43cd6889cfabf76c70ac8fd29b"}
}
